{"/mnt/d/+ Microverse/Projects/Module 2/todo-list-webpack/src/modules/class-task-list.js": {"path":"/mnt/d/+ Microverse/Projects/Module 2/todo-list-webpack/src/modules/class-task-list.js","statementMap":{"0":{"start":{"line":4,"column":27},"end":{"line":4,"column":37}},"1":{"start":{"line":8,"column":4},"end":{"line":8,"column":19}},"2":{"start":{"line":9,"column":4},"end":{"line":9,"column":16}},"3":{"start":{"line":10,"column":4},"end":{"line":10,"column":22}},"4":{"start":{"line":15,"column":4},"end":{"line":27,"column":5}},"5":{"start":{"line":16,"column":19},"end":{"line":16,"column":64}},"6":{"start":{"line":18,"column":6},"end":{"line":26,"column":7}},"7":{"start":{"line":19,"column":8},"end":{"line":19,"column":66}},"8":{"start":{"line":21,"column":25},"end":{"line":24,"column":10}},"9":{"start":{"line":22,"column":22},"end":{"line":22,"column":59}},"10":{"start":{"line":23,"column":10},"end":{"line":23,"column":21}},"11":{"start":{"line":25,"column":8},"end":{"line":25,"column":34}},"12":{"start":{"line":31,"column":4},"end":{"line":38,"column":5}},"13":{"start":{"line":32,"column":22},"end":{"line":32,"column":45}},"14":{"start":{"line":34,"column":6},"end":{"line":34,"column":30}},"15":{"start":{"line":35,"column":6},"end":{"line":35,"column":67}},"16":{"start":{"line":37,"column":6},"end":{"line":37,"column":19}},"17":{"start":{"line":42,"column":4},"end":{"line":42,"column":57}},"18":{"start":{"line":42,"column":40},"end":{"line":42,"column":55}},"19":{"start":{"line":43,"column":4},"end":{"line":43,"column":20}},"20":{"start":{"line":44,"column":4},"end":{"line":44,"column":65}},"21":{"start":{"line":48,"column":4},"end":{"line":54,"column":7}},"22":{"start":{"line":49,"column":6},"end":{"line":51,"column":7}},"23":{"start":{"line":50,"column":8},"end":{"line":50,"column":45}},"24":{"start":{"line":53,"column":6},"end":{"line":53,"column":17}},"25":{"start":{"line":55,"column":4},"end":{"line":55,"column":65}},"26":{"start":{"line":59,"column":4},"end":{"line":65,"column":7}},"27":{"start":{"line":60,"column":6},"end":{"line":62,"column":7}},"28":{"start":{"line":61,"column":8},"end":{"line":61,"column":48}},"29":{"start":{"line":64,"column":6},"end":{"line":64,"column":17}},"30":{"start":{"line":66,"column":4},"end":{"line":66,"column":65}},"31":{"start":{"line":70,"column":4},"end":{"line":70,"column":63}},"32":{"start":{"line":70,"column":40},"end":{"line":70,"column":61}},"33":{"start":{"line":71,"column":4},"end":{"line":71,"column":20}},"34":{"start":{"line":72,"column":4},"end":{"line":72,"column":65}},"35":{"start":{"line":76,"column":12},"end":{"line":76,"column":13}},"36":{"start":{"line":77,"column":4},"end":{"line":80,"column":7}},"37":{"start":{"line":78,"column":6},"end":{"line":78,"column":15}},"38":{"start":{"line":79,"column":6},"end":{"line":79,"column":13}},"39":{"start":{"line":81,"column":4},"end":{"line":81,"column":16}}},"fnMap":{"0":{"name":"(anonymous_0)","decl":{"start":{"line":7,"column":2},"end":{"line":7,"column":3}},"loc":{"start":{"line":7,"column":16},"end":{"line":11,"column":3}},"line":7},"1":{"name":"(anonymous_1)","decl":{"start":{"line":13,"column":2},"end":{"line":13,"column":3}},"loc":{"start":{"line":13,"column":15},"end":{"line":28,"column":3}},"line":13},"2":{"name":"(anonymous_2)","decl":{"start":{"line":21,"column":42},"end":{"line":21,"column":43}},"loc":{"start":{"line":21,"column":61},"end":{"line":24,"column":9}},"line":21},"3":{"name":"(anonymous_3)","decl":{"start":{"line":30,"column":2},"end":{"line":30,"column":3}},"loc":{"start":{"line":30,"column":16},"end":{"line":39,"column":3}},"line":30},"4":{"name":"(anonymous_4)","decl":{"start":{"line":41,"column":2},"end":{"line":41,"column":3}},"loc":{"start":{"line":41,"column":21},"end":{"line":45,"column":3}},"line":41},"5":{"name":"(anonymous_5)","decl":{"start":{"line":42,"column":33},"end":{"line":42,"column":34}},"loc":{"start":{"line":42,"column":40},"end":{"line":42,"column":55}},"line":42},"6":{"name":"(anonymous_6)","decl":{"start":{"line":47,"column":2},"end":{"line":47,"column":3}},"loc":{"start":{"line":47,"column":31},"end":{"line":56,"column":3}},"line":47},"7":{"name":"(anonymous_7)","decl":{"start":{"line":48,"column":30},"end":{"line":48,"column":31}},"loc":{"start":{"line":48,"column":39},"end":{"line":54,"column":5}},"line":48},"8":{"name":"(anonymous_8)","decl":{"start":{"line":58,"column":2},"end":{"line":58,"column":3}},"loc":{"start":{"line":58,"column":30},"end":{"line":67,"column":3}},"line":58},"9":{"name":"(anonymous_9)","decl":{"start":{"line":59,"column":30},"end":{"line":59,"column":31}},"loc":{"start":{"line":59,"column":39},"end":{"line":65,"column":5}},"line":59},"10":{"name":"(anonymous_10)","decl":{"start":{"line":69,"column":2},"end":{"line":69,"column":3}},"loc":{"start":{"line":69,"column":19},"end":{"line":73,"column":3}},"line":69},"11":{"name":"(anonymous_11)","decl":{"start":{"line":70,"column":33},"end":{"line":70,"column":34}},"loc":{"start":{"line":70,"column":40},"end":{"line":70,"column":61}},"line":70},"12":{"name":"(anonymous_12)","decl":{"start":{"line":75,"column":2},"end":{"line":75,"column":3}},"loc":{"start":{"line":75,"column":13},"end":{"line":82,"column":3}},"line":75},"13":{"name":"(anonymous_13)","decl":{"start":{"line":77,"column":22},"end":{"line":77,"column":23}},"loc":{"start":{"line":77,"column":29},"end":{"line":80,"column":5}},"line":77}},"branchMap":{"0":{"loc":{"start":{"line":15,"column":4},"end":{"line":27,"column":5}},"type":"if","locations":[{"start":{"line":15,"column":4},"end":{"line":27,"column":5}},{"start":{},"end":{}}],"line":15},"1":{"loc":{"start":{"line":18,"column":6},"end":{"line":26,"column":7}},"type":"if","locations":[{"start":{"line":18,"column":6},"end":{"line":26,"column":7}},{"start":{},"end":{}}],"line":18},"2":{"loc":{"start":{"line":18,"column":10},"end":{"line":18,"column":35}},"type":"binary-expr","locations":[{"start":{"line":18,"column":10},"end":{"line":18,"column":14}},{"start":{"line":18,"column":18},"end":{"line":18,"column":35}}],"line":18},"3":{"loc":{"start":{"line":22,"column":22},"end":{"line":22,"column":59}},"type":"cond-expr","locations":[{"start":{"line":22,"column":45},"end":{"line":22,"column":49}},{"start":{"line":22,"column":52},"end":{"line":22,"column":59}}],"line":22},"4":{"loc":{"start":{"line":31,"column":4},"end":{"line":38,"column":5}},"type":"if","locations":[{"start":{"line":31,"column":4},"end":{"line":38,"column":5}},{"start":{},"end":{}}],"line":31},"5":{"loc":{"start":{"line":49,"column":6},"end":{"line":51,"column":7}},"type":"if","locations":[{"start":{"line":49,"column":6},"end":{"line":51,"column":7}},{"start":{},"end":{}}],"line":49},"6":{"loc":{"start":{"line":60,"column":6},"end":{"line":62,"column":7}},"type":"if","locations":[{"start":{"line":60,"column":6},"end":{"line":62,"column":7}},{"start":{},"end":{}}],"line":60}},"s":{"0":1,"1":1,"2":1,"3":1,"4":1,"5":0,"6":0,"7":0,"8":0,"9":0,"10":0,"11":0,"12":2,"13":2,"14":2,"15":2,"16":2,"17":0,"18":0,"19":0,"20":0,"21":0,"22":0,"23":0,"24":0,"25":0,"26":0,"27":0,"28":0,"29":0,"30":0,"31":0,"32":0,"33":0,"34":0,"35":0,"36":0,"37":0,"38":0,"39":0},"f":{"0":1,"1":1,"2":0,"3":2,"4":0,"5":0,"6":0,"7":0,"8":0,"9":0,"10":0,"11":0,"12":0,"13":0},"b":{"0":[0,1],"1":[0,0],"2":[0,0],"3":[0,0],"4":[2,0],"5":[0,0],"6":[0,0]},"_coverageSchema":"1a1c01bbd47fc00a2c39e90264f33305004495a9","hash":"5093996936fc82bf05416b85a1e5ded2ce20e786"}
,"/mnt/d/+ Microverse/Projects/Module 2/todo-list-webpack/src/modules/class-task.js": {"path":"/mnt/d/+ Microverse/Projects/Module 2/todo-list-webpack/src/modules/class-task.js","statementMap":{"0":{"start":{"line":3,"column":4},"end":{"line":3,"column":36}},"1":{"start":{"line":4,"column":4},"end":{"line":4,"column":18}},"2":{"start":{"line":5,"column":4},"end":{"line":5,"column":32}}},"fnMap":{"0":{"name":"(anonymous_0)","decl":{"start":{"line":2,"column":2},"end":{"line":2,"column":3}},"loc":{"start":{"line":2,"column":53},"end":{"line":6,"column":3}},"line":2}},"branchMap":{"0":{"loc":{"start":{"line":2,"column":33},"end":{"line":2,"column":51}},"type":"default-arg","locations":[{"start":{"line":2,"column":46},"end":{"line":2,"column":51}}],"line":2}},"s":{"0":2,"1":2,"2":2},"f":{"0":2},"b":{"0":[2]},"_coverageSchema":"1a1c01bbd47fc00a2c39e90264f33305004495a9","hash":"66d44c7fcffd61737c241cd8480424c4e865c5b9"}
,"/mnt/d/+ Microverse/Projects/Module 2/todo-list-webpack/src/modules/local-storage-checker.js": {"path":"/mnt/d/+ Microverse/Projects/Module 2/todo-list-webpack/src/modules/local-storage-checker.js","statementMap":{"0":{"start":{"line":2,"column":27},"end":{"line":20,"column":1}},"1":{"start":{"line":4,"column":2},"end":{"line":19,"column":3}},"2":{"start":{"line":5,"column":4},"end":{"line":5,"column":27}},"3":{"start":{"line":6,"column":14},"end":{"line":6,"column":32}},"4":{"start":{"line":7,"column":4},"end":{"line":7,"column":26}},"5":{"start":{"line":8,"column":4},"end":{"line":8,"column":26}},"6":{"start":{"line":9,"column":4},"end":{"line":9,"column":16}},"7":{"start":{"line":11,"column":4},"end":{"line":18,"column":155}}},"fnMap":{"0":{"name":"(anonymous_0)","decl":{"start":{"line":2,"column":27},"end":{"line":2,"column":28}},"loc":{"start":{"line":2,"column":37},"end":{"line":20,"column":1}},"line":2}},"branchMap":{"0":{"loc":{"start":{"line":11,"column":11},"end":{"line":18,"column":154}},"type":"binary-expr","locations":[{"start":{"line":11,"column":11},"end":{"line":11,"column":36}},{"start":{"line":18,"column":6},"end":{"line":18,"column":19}},{"start":{"line":18,"column":23},"end":{"line":18,"column":38}},{"start":{"line":18,"column":42},"end":{"line":18,"column":73}},{"start":{"line":18,"column":77},"end":{"line":18,"column":116}},{"start":{"line":18,"column":122},"end":{"line":18,"column":129}},{"start":{"line":18,"column":133},"end":{"line":18,"column":153}}],"line":11}},"s":{"0":1,"1":1,"2":1,"3":0,"4":0,"5":0,"6":0,"7":1},"f":{"0":1},"b":{"0":[1,0,0,0,0,0,0]},"_coverageSchema":"1a1c01bbd47fc00a2c39e90264f33305004495a9","hash":"0e8e0dde4b3b2180d1f9efe252cb92b678b3db03"}
}
