TN:
SF:src/modules/add-elem.js
FN:3,(anonymous_0)
FN:6,(anonymous_1)
FNF:2
FNH:2
FNDA:120,(anonymous_0)
FNDA:300,(anonymous_1)
DA:3,2
DA:4,120
DA:5,120
DA:6,300
DA:8,120
DA:10,120
LF:6
LH:6
BRDA:5,0,0,120
BRDA:5,0,1,0
BRF:2
BRH:1
end_of_record
TN:
SF:src/modules/class-task-list.js
FN:7,(anonymous_0)
FN:13,(anonymous_1)
FN:21,(anonymous_2)
FN:30,(anonymous_3)
FN:41,(anonymous_4)
FN:42,(anonymous_5)
FN:47,(anonymous_6)
FN:48,(anonymous_7)
FN:58,(anonymous_8)
FN:59,(anonymous_9)
FN:69,(anonymous_10)
FN:70,(anonymous_11)
FN:75,(anonymous_12)
FN:77,(anonymous_13)
FNF:14
FNH:13
FNDA:2,(anonymous_0)
FNDA:2,(anonymous_1)
FNDA:0,(anonymous_2)
FNDA:6,(anonymous_3)
FNDA:2,(anonymous_4)
FNDA:5,(anonymous_5)
FNDA:1,(anonymous_6)
FNDA:3,(anonymous_7)
FNDA:1,(anonymous_8)
FNDA:3,(anonymous_9)
FNDA:1,(anonymous_10)
FNDA:3,(anonymous_11)
FNDA:3,(anonymous_12)
FNDA:5,(anonymous_13)
DA:4,2
DA:8,2
DA:9,2
DA:10,2
DA:15,2
DA:16,2
DA:18,2
DA:19,0
DA:21,0
DA:22,0
DA:23,0
DA:25,0
DA:31,6
DA:32,6
DA:34,6
DA:35,6
DA:37,6
DA:42,5
DA:43,2
DA:44,2
DA:48,1
DA:49,3
DA:50,1
DA:53,2
DA:55,1
DA:59,1
DA:60,3
DA:61,1
DA:64,2
DA:66,1
DA:70,3
DA:71,1
DA:72,1
DA:76,3
DA:77,3
DA:78,5
DA:79,5
DA:81,3
LF:38
LH:33
BRDA:15,0,0,2
BRDA:15,0,1,0
BRDA:18,1,0,0
BRDA:18,1,1,2
BRDA:18,2,0,2
BRDA:18,2,1,0
BRDA:22,3,0,0
BRDA:22,3,1,0
BRDA:31,4,0,6
BRDA:31,4,1,0
BRDA:49,5,0,1
BRDA:49,5,1,2
BRDA:60,6,0,1
BRDA:60,6,1,2
BRF:14
BRH:8
end_of_record
TN:
SF:src/modules/class-task.js
FN:2,(anonymous_0)
FNF:1
FNH:1
FNDA:6,(anonymous_0)
DA:3,6
DA:4,6
DA:5,6
LF:3
LH:3
BRDA:2,0,0,6
BRF:1
BRH:1
end_of_record
TN:
SF:src/modules/local-storage-checker.js
FN:2,(anonymous_0)
FNF:1
FNH:1
FNDA:2,(anonymous_0)
DA:2,2
DA:4,2
DA:5,2
DA:6,2
DA:7,2
DA:8,2
DA:9,2
DA:11,0
LF:8
LH:7
BRDA:11,0,0,0
BRDA:11,0,1,0
BRDA:11,0,2,0
BRDA:11,0,3,0
BRDA:11,0,4,0
BRDA:11,0,5,0
BRDA:11,0,6,0
BRF:7
BRH:0
end_of_record
TN:
SF:src/modules/refresh-list.js
FN:5,(anonymous_0)
FN:8,(anonymous_1)
FN:29,(anonymous_2)
FN:41,(anonymous_3)
FN:46,(anonymous_4)
FN:51,(anonymous_5)
FNF:6
FNH:2
FNDA:9,(anonymous_0)
FNDA:20,(anonymous_1)
FNDA:0,(anonymous_2)
FNDA:0,(anonymous_3)
FNDA:0,(anonymous_4)
FNDA:0,(anonymous_5)
DA:5,2
DA:6,9
DA:8,9
DA:11,20
DA:12,1
DA:13,1
DA:16,20
DA:17,20
DA:18,20
DA:19,20
DA:20,20
DA:21,20
DA:22,20
DA:23,20
DA:24,20
DA:27,20
DA:29,20
DA:30,0
DA:31,0
DA:32,0
DA:33,0
DA:35,0
DA:36,0
DA:37,0
DA:41,20
DA:42,0
DA:43,0
DA:46,20
DA:47,0
DA:48,0
DA:51,20
DA:52,0
DA:53,0
DA:54,0
LF:34
LH:20
BRDA:11,0,0,1
BRDA:11,0,1,19
BRDA:30,1,0,0
BRDA:30,1,1,0
BRDA:52,2,0,0
BRDA:52,2,1,0
BRF:6
BRH:2
end_of_record
